2019-10-31 17:27:06,785 [MainThread  ] [INFO ]  A3C GW server starting
2019-10-31 17:27:06,785 [MainThread  ] [INFO ]  Loading database
2019-10-31 17:27:06,786 [MainThread  ] [INFO ]  Fetching hashed password from database
2019-10-31 17:27:06,942 [MainThread  ] [INFO ]  Correct bootstrap password
2019-10-31 17:27:06,942 [MainThread  ] [INFO ]  Public key loaded successfully
2019-10-31 17:27:06,944 [MainThread  ] [INFO ]  Private key loaded successfully
2019-10-31 17:27:06,944 [MainThread  ] [INFO ]  A3C GW Server UUID: c81306517f41a51b92445538e3406296
2019-10-31 17:27:06,945 [MainThread  ] [INFO ]  Successfully loaded GWs info from local database
2019-10-31 17:27:06,948 [MainThread  ] [INFO ]  Starting web server
2019-10-31 17:27:21,322 [MainThread  ] [INFO ]  Ticket request received
2019-10-31 17:27:21,323 [MainThread  ] [INFO ]  Entity is eligible to access target GW: 50433dbaa1de8cf4c381302970dd7f7f
2019-10-31 17:27:21,325 [MainThread  ] [INFO ]  Ticket generated successfully
2019-10-31 17:27:21,326 [MainThread  ] [INFO ]  Response send to entity with UUID d46f1dec96fb35c8407dc401109249c8
2019-10-31 17:27:21,326 [MainThread  ] [INFO ]  200 POST /ticketFetch/ (127.0.0.1) 4.34ms
2019-10-31 17:28:21,377 [MainThread  ] [INFO ]  Ticket request received
2019-10-31 17:28:21,377 [MainThread  ] [INFO ]  Entity is eligible to access target GW: 50433dbaa1de8cf4c381302970dd7f7f
2019-10-31 17:28:21,379 [MainThread  ] [INFO ]  Ticket generated successfully
2019-10-31 17:28:21,380 [MainThread  ] [INFO ]  Response send to entity with UUID d46f1dec96fb35c8407dc401109249c8
2019-10-31 17:28:21,380 [MainThread  ] [INFO ]  200 POST /ticketFetch/ (127.0.0.1) 3.33ms
2019-10-31 17:29:21,413 [MainThread  ] [INFO ]  Ticket request received
2019-10-31 17:29:21,414 [MainThread  ] [INFO ]  Entity is eligible to access target GW: 50433dbaa1de8cf4c381302970dd7f7f
2019-10-31 17:29:21,420 [MainThread  ] [INFO ]  Ticket generated successfully
2019-10-31 17:29:21,421 [MainThread  ] [INFO ]  Response send to entity with UUID d46f1dec96fb35c8407dc401109249c8
2019-10-31 17:29:21,422 [MainThread  ] [INFO ]  200 POST /ticketFetch/ (127.0.0.1) 10.34ms
2019-10-31 17:30:21,477 [MainThread  ] [INFO ]  Ticket request received
2019-10-31 17:30:21,478 [MainThread  ] [INFO ]  Entity is eligible to access target GW: 50433dbaa1de8cf4c381302970dd7f7f
2019-10-31 17:30:21,485 [MainThread  ] [INFO ]  Ticket generated successfully
2019-10-31 17:30:21,486 [MainThread  ] [INFO ]  Response send to entity with UUID d46f1dec96fb35c8407dc401109249c8
2019-10-31 17:30:21,487 [MainThread  ] [INFO ]  200 POST /ticketFetch/ (127.0.0.1) 10.52ms
2019-10-31 17:31:21,552 [MainThread  ] [INFO ]  Ticket request received
2019-10-31 17:31:21,553 [MainThread  ] [INFO ]  Entity is eligible to access target GW: 50433dbaa1de8cf4c381302970dd7f7f
2019-10-31 17:31:21,561 [MainThread  ] [INFO ]  Ticket generated successfully
2019-10-31 17:31:21,562 [MainThread  ] [INFO ]  Response send to entity with UUID d46f1dec96fb35c8407dc401109249c8
2019-10-31 17:31:21,564 [MainThread  ] [INFO ]  200 POST /ticketFetch/ (127.0.0.1) 12.65ms
2019-10-31 17:32:21,635 [MainThread  ] [INFO ]  Ticket request received
2019-10-31 17:32:21,636 [MainThread  ] [INFO ]  Entity is eligible to access target GW: 50433dbaa1de8cf4c381302970dd7f7f
2019-10-31 17:32:21,644 [MainThread  ] [INFO ]  Ticket generated successfully
2019-10-31 17:32:21,645 [MainThread  ] [INFO ]  Response send to entity with UUID d46f1dec96fb35c8407dc401109249c8
2019-10-31 17:32:21,646 [MainThread  ] [INFO ]  200 POST /ticketFetch/ (127.0.0.1) 11.81ms
2019-10-31 17:33:21,713 [MainThread  ] [INFO ]  Ticket request received
2019-10-31 17:33:21,714 [MainThread  ] [INFO ]  Entity is eligible to access target GW: 50433dbaa1de8cf4c381302970dd7f7f
2019-10-31 17:33:21,716 [MainThread  ] [INFO ]  Ticket generated successfully
2019-10-31 17:33:21,716 [MainThread  ] [INFO ]  Response send to entity with UUID d46f1dec96fb35c8407dc401109249c8
2019-10-31 17:33:21,717 [MainThread  ] [INFO ]  200 POST /ticketFetch/ (127.0.0.1) 4.30ms
2019-10-31 17:44:29,035 [MainThread  ] [INFO ]  A3C GW server starting
2019-10-31 17:44:29,035 [MainThread  ] [INFO ]  Loading database
2019-10-31 17:44:29,037 [MainThread  ] [INFO ]  Fetching hashed password from database
2019-10-31 17:44:29,217 [MainThread  ] [INFO ]  Correct bootstrap password
2019-10-31 17:44:29,218 [MainThread  ] [INFO ]  Public key loaded successfully
2019-10-31 17:44:29,219 [MainThread  ] [INFO ]  Private key loaded successfully
2019-10-31 17:44:29,220 [MainThread  ] [INFO ]  A3C GW Server UUID: c81306517f41a51b92445538e3406296
2019-10-31 17:44:29,220 [MainThread  ] [INFO ]  Successfully loaded GWs info from local database
2019-10-31 17:44:29,223 [MainThread  ] [INFO ]  Starting web server
2019-11-04 14:37:05,189 [MainThread  ] [INFO ]  A3C GW server starting
2019-11-04 14:37:05,189 [MainThread  ] [INFO ]  Loading database
2019-11-04 14:37:05,190 [MainThread  ] [INFO ]  Fetching hashed password from database
2019-11-04 14:37:05,365 [MainThread  ] [INFO ]  Correct bootstrap password
2019-11-04 14:37:05,366 [MainThread  ] [INFO ]  Public key loaded successfully
2019-11-04 14:37:05,367 [MainThread  ] [INFO ]  Private key loaded successfully
2019-11-04 14:37:05,367 [MainThread  ] [INFO ]  A3C GW Server UUID: c81306517f41a51b92445538e3406296
2019-11-04 14:37:05,368 [MainThread  ] [INFO ]  Successfully loaded GWs info from local database
2019-11-04 14:37:05,371 [MainThread  ] [INFO ]  Starting web server
2019-11-04 14:37:08,445 [MainThread  ] [INFO ]  Ticket request received
2019-11-04 14:37:08,446 [MainThread  ] [INFO ]  Entity is eligible to access target GW: 50433dbaa1de8cf4c381302970dd7f7f
2019-11-04 14:37:08,449 [MainThread  ] [INFO ]  Ticket generated successfully
2019-11-04 14:37:08,449 [MainThread  ] [INFO ]  Response send to entity with UUID d46f1dec96fb35c8407dc401109249c8
2019-11-04 14:37:08,450 [MainThread  ] [INFO ]  200 POST /ticketFetch/ (127.0.0.1) 5.83ms
2019-11-04 14:41:18,730 [MainThread  ] [INFO ]  A3C GW server starting
2019-11-04 14:41:18,730 [MainThread  ] [INFO ]  Loading database
2019-11-04 14:41:18,731 [MainThread  ] [INFO ]  Fetching hashed password from database
2019-11-04 14:41:18,873 [MainThread  ] [INFO ]  Correct bootstrap password
2019-11-04 14:41:18,873 [MainThread  ] [INFO ]  Public key loaded successfully
2019-11-04 14:41:18,875 [MainThread  ] [INFO ]  Private key loaded successfully
2019-11-04 14:41:18,875 [MainThread  ] [INFO ]  A3C GW Server UUID: c81306517f41a51b92445538e3406296
2019-11-04 14:41:18,876 [MainThread  ] [INFO ]  Successfully loaded GWs info from local database
2019-11-04 14:41:18,878 [MainThread  ] [INFO ]  Starting web server
2019-11-04 14:41:21,146 [MainThread  ] [INFO ]  Ticket request received
2019-11-04 14:41:21,147 [MainThread  ] [INFO ]  Entity is eligible to access target GW: 50433dbaa1de8cf4c381302970dd7f7f
2019-11-04 14:41:21,149 [MainThread  ] [INFO ]  Ticket generated successfully
2019-11-04 14:41:21,149 [MainThread  ] [INFO ]  Response send to entity with UUID d46f1dec96fb35c8407dc401109249c8
2019-11-04 14:41:21,150 [MainThread  ] [INFO ]  200 POST /ticketFetch/ (127.0.0.1) 3.86ms
2019-11-04 14:41:46,882 [MainThread  ] [INFO ]  A3C GW server starting
2019-11-04 14:41:46,882 [MainThread  ] [INFO ]  Loading database
2019-11-04 14:41:46,883 [MainThread  ] [INFO ]  Fetching hashed password from database
2019-11-04 14:41:47,026 [MainThread  ] [INFO ]  Correct bootstrap password
2019-11-04 14:41:47,026 [MainThread  ] [INFO ]  Public key loaded successfully
2019-11-04 14:41:47,027 [MainThread  ] [INFO ]  Private key loaded successfully
2019-11-04 14:41:47,028 [MainThread  ] [INFO ]  A3C GW Server UUID: c81306517f41a51b92445538e3406296
2019-11-04 14:41:47,028 [MainThread  ] [INFO ]  Successfully loaded GWs info from local database
2019-11-04 14:41:47,031 [MainThread  ] [INFO ]  Starting web server
2019-11-04 14:41:48,608 [MainThread  ] [INFO ]  Ticket request received
2019-11-04 14:41:48,608 [MainThread  ] [INFO ]  Entity is eligible to access target GW: 50433dbaa1de8cf4c381302970dd7f7f
2019-11-04 14:41:48,610 [MainThread  ] [INFO ]  Ticket generated successfully
2019-11-04 14:41:48,610 [MainThread  ] [INFO ]  Response send to entity with UUID d46f1dec96fb35c8407dc401109249c8
2019-11-04 14:41:48,611 [MainThread  ] [INFO ]  200 POST /ticketFetch/ (127.0.0.1) 3.37ms
2019-11-04 14:46:34,066 [MainThread  ] [INFO ]  A3C GW server starting
2019-11-04 14:46:34,066 [MainThread  ] [INFO ]  Loading database
2019-11-04 14:46:34,067 [MainThread  ] [INFO ]  Fetching hashed password from database
2019-11-04 14:46:34,241 [MainThread  ] [INFO ]  Correct bootstrap password
2019-11-04 14:46:34,241 [MainThread  ] [INFO ]  Public key loaded successfully
2019-11-04 14:46:34,243 [MainThread  ] [INFO ]  Private key loaded successfully
2019-11-04 14:46:34,243 [MainThread  ] [INFO ]  A3C GW Server UUID: c81306517f41a51b92445538e3406296
2019-11-04 14:46:34,244 [MainThread  ] [INFO ]  Successfully loaded GWs info from local database
2019-11-04 14:46:34,246 [MainThread  ] [INFO ]  Starting web server
2019-11-04 14:46:36,196 [MainThread  ] [INFO ]  Ticket request received
2019-11-04 14:46:36,197 [MainThread  ] [INFO ]  Entity is eligible to access target GW: 50433dbaa1de8cf4c381302970dd7f7f
2019-11-04 14:46:36,199 [MainThread  ] [INFO ]  Ticket generated successfully
2019-11-04 14:46:36,200 [MainThread  ] [INFO ]  Response send to entity with UUID d46f1dec96fb35c8407dc401109249c8
2019-11-04 14:46:36,201 [MainThread  ] [INFO ]  200 POST /ticketFetch/ (127.0.0.1) 6.85ms
2019-11-04 14:46:47,112 [MainThread  ] [INFO ]  Ticket request received
2019-11-04 14:46:47,112 [MainThread  ] [INFO ]  Entity is eligible to access target GW: 50433dbaa1de8cf4c381302970dd7f7f
2019-11-04 14:46:47,114 [MainThread  ] [INFO ]  Ticket generated successfully
2019-11-04 14:46:47,114 [MainThread  ] [INFO ]  Response send to entity with UUID d46f1dec96fb35c8407dc401109249c8
2019-11-04 14:46:47,114 [MainThread  ] [INFO ]  200 POST /ticketFetch/ (127.0.0.1) 2.37ms
2019-11-04 14:46:56,967 [MainThread  ] [INFO ]  A3C GW server starting
2019-11-04 14:46:56,967 [MainThread  ] [INFO ]  Loading database
2019-11-04 14:46:56,969 [MainThread  ] [INFO ]  Fetching hashed password from database
2019-11-04 14:46:57,156 [MainThread  ] [INFO ]  Correct bootstrap password
2019-11-04 14:46:57,156 [MainThread  ] [INFO ]  Public key loaded successfully
2019-11-04 14:46:57,157 [MainThread  ] [INFO ]  Private key loaded successfully
2019-11-04 14:46:57,158 [MainThread  ] [INFO ]  A3C GW Server UUID: c81306517f41a51b92445538e3406296
2019-11-04 14:46:57,158 [MainThread  ] [INFO ]  Successfully loaded GWs info from local database
2019-11-04 14:46:57,161 [MainThread  ] [INFO ]  Starting web server
2019-11-04 14:47:02,664 [MainThread  ] [INFO ]  Ticket request received
2019-11-04 14:47:02,665 [MainThread  ] [INFO ]  Entity is eligible to access target GW: 50433dbaa1de8cf4c381302970dd7f7f
2019-11-04 14:47:02,667 [MainThread  ] [INFO ]  Ticket generated successfully
2019-11-04 14:47:02,667 [MainThread  ] [INFO ]  Response send to entity with UUID d46f1dec96fb35c8407dc401109249c8
2019-11-04 14:47:02,667 [MainThread  ] [INFO ]  200 POST /ticketFetch/ (127.0.0.1) 3.46ms
2019-11-04 14:48:02,713 [MainThread  ] [INFO ]  Ticket request received
2019-11-04 14:48:02,714 [MainThread  ] [INFO ]  Entity is eligible to access target GW: 50433dbaa1de8cf4c381302970dd7f7f
2019-11-04 14:48:02,721 [MainThread  ] [INFO ]  Ticket generated successfully
2019-11-04 14:48:02,722 [MainThread  ] [INFO ]  Response send to entity with UUID d46f1dec96fb35c8407dc401109249c8
2019-11-04 14:48:02,724 [MainThread  ] [INFO ]  200 POST /ticketFetch/ (127.0.0.1) 12.54ms
2019-11-04 14:48:49,095 [MainThread  ] [INFO ]  Ticket request received
2019-11-04 14:48:49,095 [MainThread  ] [INFO ]  Entity is eligible to access target GW: 50433dbaa1de8cf4c381302970dd7f7f
2019-11-04 14:48:49,097 [MainThread  ] [INFO ]  Ticket generated successfully
2019-11-04 14:48:49,097 [MainThread  ] [INFO ]  Response send to entity with UUID d46f1dec96fb35c8407dc401109249c8
2019-11-04 14:48:49,098 [MainThread  ] [INFO ]  200 POST /ticketFetch/ (127.0.0.1) 2.54ms
2019-11-04 14:49:37,557 [MainThread  ] [INFO ]  Ticket request received
2019-11-04 14:49:37,558 [MainThread  ] [INFO ]  Entity is eligible to access target GW: 50433dbaa1de8cf4c381302970dd7f7f
2019-11-04 14:49:37,559 [MainThread  ] [INFO ]  Ticket generated successfully
2019-11-04 14:49:37,559 [MainThread  ] [INFO ]  Response send to entity with UUID d46f1dec96fb35c8407dc401109249c8
2019-11-04 14:49:37,560 [MainThread  ] [INFO ]  200 POST /ticketFetch/ (127.0.0.1) 2.49ms
2019-11-04 14:49:55,488 [MainThread  ] [INFO ]  Ticket request received
2019-11-04 14:49:55,488 [MainThread  ] [INFO ]  Entity is eligible to access target GW: 50433dbaa1de8cf4c381302970dd7f7f
2019-11-04 14:49:55,490 [MainThread  ] [INFO ]  Ticket generated successfully
2019-11-04 14:49:55,490 [MainThread  ] [INFO ]  Response send to entity with UUID d46f1dec96fb35c8407dc401109249c8
2019-11-04 14:49:55,491 [MainThread  ] [INFO ]  200 POST /ticketFetch/ (127.0.0.1) 2.84ms
2019-11-04 15:05:11,189 [MainThread  ] [INFO ]  A3C GW server starting
2019-11-04 15:05:11,189 [MainThread  ] [INFO ]  Loading database
2019-11-04 15:05:11,190 [MainThread  ] [INFO ]  Fetching hashed password from database
2019-11-04 15:05:11,332 [MainThread  ] [INFO ]  Correct bootstrap password
2019-11-04 15:05:11,332 [MainThread  ] [INFO ]  Public key loaded successfully
2019-11-04 15:05:11,333 [MainThread  ] [INFO ]  Private key loaded successfully
2019-11-04 15:05:11,333 [MainThread  ] [INFO ]  A3C GW Server UUID: c81306517f41a51b92445538e3406296
2019-11-04 15:05:11,334 [MainThread  ] [INFO ]  Successfully loaded GWs info from local database
2019-11-04 15:05:11,336 [MainThread  ] [INFO ]  Starting web server
2019-11-04 15:05:16,526 [MainThread  ] [INFO ]  Ticket request received
2019-11-04 15:05:16,526 [MainThread  ] [INFO ]  Entity is eligible to access target GW: 50433dbaa1de8cf4c381302970dd7f7f
2019-11-04 15:05:16,528 [MainThread  ] [INFO ]  Ticket generated successfully
2019-11-04 15:05:16,528 [MainThread  ] [INFO ]  Response send to entity with UUID d46f1dec96fb35c8407dc401109249c8
2019-11-04 15:05:16,529 [MainThread  ] [INFO ]  200 POST /ticketFetch/ (127.0.0.1) 3.23ms
2019-11-04 15:14:02,338 [MainThread  ] [INFO ]  A3C_GW_server.py modified; restarting server
2019-11-04 15:14:02,560 [MainThread  ] [INFO ]  A3C GW server starting
2019-11-04 15:14:02,560 [MainThread  ] [INFO ]  Loading database
2019-11-04 15:14:02,561 [MainThread  ] [INFO ]  Fetching hashed password from database
2019-11-04 15:14:02,738 [MainThread  ] [INFO ]  Correct bootstrap password
2019-11-04 15:14:02,739 [MainThread  ] [INFO ]  Public key loaded successfully
2019-11-04 15:14:02,740 [MainThread  ] [INFO ]  Private key loaded successfully
2019-11-04 15:14:02,741 [MainThread  ] [INFO ]  A3C GW Server UUID: c81306517f41a51b92445538e3406296
2019-11-04 15:14:02,741 [MainThread  ] [INFO ]  Successfully loaded GWs info from local database
2019-11-04 15:14:02,745 [MainThread  ] [INFO ]  Starting web server
2019-11-04 15:14:04,246 [MainThread  ] [INFO ]  A3C_GW_server.py modified; restarting server
2019-11-04 15:14:04,480 [MainThread  ] [INFO ]  A3C GW server starting
2019-11-04 15:14:04,480 [MainThread  ] [INFO ]  Loading database
2019-11-04 15:14:04,481 [MainThread  ] [INFO ]  Fetching hashed password from database
2019-11-04 15:14:04,672 [MainThread  ] [INFO ]  Correct bootstrap password
2019-11-04 15:14:04,672 [MainThread  ] [INFO ]  Public key loaded successfully
2019-11-04 15:14:04,674 [MainThread  ] [INFO ]  Private key loaded successfully
2019-11-04 15:14:04,674 [MainThread  ] [INFO ]  A3C GW Server UUID: c81306517f41a51b92445538e3406296
2019-11-04 15:14:04,675 [MainThread  ] [INFO ]  Successfully loaded GWs info from local database
2019-11-04 15:14:04,678 [MainThread  ] [INFO ]  Starting web server
2019-11-04 15:14:07,389 [MainThread  ] [INFO ]  A3C GW server starting
2019-11-04 15:14:07,389 [MainThread  ] [INFO ]  Loading database
2019-11-04 15:14:07,392 [MainThread  ] [INFO ]  Fetching hashed password from database
2019-11-04 15:14:07,596 [MainThread  ] [INFO ]  Correct bootstrap password
2019-11-04 15:14:07,597 [MainThread  ] [INFO ]  Public key loaded successfully
2019-11-04 15:14:07,599 [MainThread  ] [INFO ]  Private key loaded successfully
2019-11-04 15:14:07,600 [MainThread  ] [INFO ]  A3C GW Server UUID: c81306517f41a51b92445538e3406296
2019-11-04 15:14:07,601 [MainThread  ] [INFO ]  Successfully loaded GWs info from local database
2019-11-04 15:14:07,604 [MainThread  ] [INFO ]  Starting web server
2019-11-04 15:14:09,582 [MainThread  ] [INFO ]  Ticket request received
2019-11-04 15:14:09,583 [MainThread  ] [INFO ]  Entity is eligible to access target GW: 50433dbaa1de8cf4c381302970dd7f7f
2019-11-04 15:14:09,587 [MainThread  ] [INFO ]  Ticket generated successfully
2019-11-04 15:14:09,587 [MainThread  ] [INFO ]  Response send to entity with UUID d46f1dec96fb35c8407dc401109249c8
2019-11-04 15:14:09,588 [MainThread  ] [INFO ]  200 POST /ticketFetch/ (127.0.0.1) 6.39ms
2019-11-04 15:24:17,783 [MainThread  ] [INFO ]  A3C GW server starting
2019-11-04 15:24:17,783 [MainThread  ] [INFO ]  Loading database
2019-11-04 15:24:17,784 [MainThread  ] [INFO ]  Fetching hashed password from database
2019-11-04 15:24:17,928 [MainThread  ] [INFO ]  Correct bootstrap password
2019-11-04 15:24:17,928 [MainThread  ] [INFO ]  Public key loaded successfully
2019-11-04 15:24:17,930 [MainThread  ] [INFO ]  Private key loaded successfully
2019-11-04 15:24:17,930 [MainThread  ] [INFO ]  A3C GW Server UUID: c81306517f41a51b92445538e3406296
2019-11-04 15:24:17,931 [MainThread  ] [INFO ]  Successfully loaded GWs info from local database
2019-11-04 15:24:17,933 [MainThread  ] [INFO ]  Starting web server
2019-11-04 15:24:19,620 [MainThread  ] [INFO ]  Ticket request received
2019-11-04 15:24:19,620 [MainThread  ] [INFO ]  Entity is eligible to access target GW: 50433dbaa1de8cf4c381302970dd7f7f
2019-11-04 15:24:19,622 [MainThread  ] [INFO ]  Ticket generated successfully
2019-11-04 15:24:19,622 [MainThread  ] [INFO ]  Response send to entity with UUID d46f1dec96fb35c8407dc401109249c8
2019-11-04 15:24:19,623 [MainThread  ] [INFO ]  200 POST /ticketFetch/ (127.0.0.1) 3.33ms
2019-11-04 15:24:45,174 [MainThread  ] [INFO ]  A3C GW server starting
2019-11-04 15:24:45,175 [MainThread  ] [INFO ]  Loading database
2019-11-04 15:24:45,176 [MainThread  ] [INFO ]  Fetching hashed password from database
2019-11-04 15:24:45,329 [MainThread  ] [INFO ]  Correct bootstrap password
2019-11-04 15:24:45,329 [MainThread  ] [INFO ]  Public key loaded successfully
2019-11-04 15:24:45,330 [MainThread  ] [INFO ]  Private key loaded successfully
2019-11-04 15:24:45,330 [MainThread  ] [INFO ]  A3C GW Server UUID: c81306517f41a51b92445538e3406296
2019-11-04 15:24:45,331 [MainThread  ] [INFO ]  Successfully loaded GWs info from local database
2019-11-04 15:24:45,333 [MainThread  ] [INFO ]  Starting web server
2019-11-04 15:24:47,954 [MainThread  ] [INFO ]  Ticket request received
2019-11-04 15:24:47,954 [MainThread  ] [INFO ]  Entity is eligible to access target GW: 50433dbaa1de8cf4c381302970dd7f7f
2019-11-04 15:24:47,956 [MainThread  ] [INFO ]  Ticket generated successfully
2019-11-04 15:24:47,957 [MainThread  ] [INFO ]  Response send to entity with UUID d46f1dec96fb35c8407dc401109249c8
2019-11-04 15:24:47,957 [MainThread  ] [INFO ]  200 POST /ticketFetch/ (127.0.0.1) 3.56ms
2019-11-04 15:25:09,335 [MainThread  ] [INFO ]  A3C_GW_server.py modified; restarting server
2019-11-04 15:25:09,529 [MainThread  ] [INFO ]  A3C GW server starting
2019-11-04 15:25:09,530 [MainThread  ] [INFO ]  Loading database
2019-11-04 15:25:09,531 [MainThread  ] [INFO ]  Fetching hashed password from database
2019-11-04 15:25:09,695 [MainThread  ] [INFO ]  Correct bootstrap password
2019-11-04 15:25:09,695 [MainThread  ] [INFO ]  Public key loaded successfully
2019-11-04 15:25:09,696 [MainThread  ] [INFO ]  Private key loaded successfully
2019-11-04 15:25:09,696 [MainThread  ] [INFO ]  A3C GW Server UUID: c81306517f41a51b92445538e3406296
2019-11-04 15:25:09,697 [MainThread  ] [INFO ]  Successfully loaded GWs info from local database
2019-11-04 15:25:09,700 [MainThread  ] [INFO ]  Starting web server
2019-11-04 15:25:12,329 [MainThread  ] [INFO ]  A3C GW server starting
2019-11-04 15:25:12,329 [MainThread  ] [INFO ]  Loading database
2019-11-04 15:25:12,330 [MainThread  ] [INFO ]  Fetching hashed password from database
2019-11-04 15:25:12,476 [MainThread  ] [INFO ]  Correct bootstrap password
2019-11-04 15:25:12,476 [MainThread  ] [INFO ]  Public key loaded successfully
2019-11-04 15:25:12,477 [MainThread  ] [INFO ]  Private key loaded successfully
2019-11-04 15:25:12,477 [MainThread  ] [INFO ]  A3C GW Server UUID: c81306517f41a51b92445538e3406296
2019-11-04 15:25:12,478 [MainThread  ] [INFO ]  Successfully loaded GWs info from local database
2019-11-04 15:25:12,480 [MainThread  ] [INFO ]  Starting web server
2019-11-04 15:25:15,681 [MainThread  ] [INFO ]  Ticket request received
2019-11-04 15:25:15,681 [MainThread  ] [INFO ]  Entity is eligible to access target GW: 50433dbaa1de8cf4c381302970dd7f7f
2019-11-04 15:25:15,684 [MainThread  ] [INFO ]  Ticket generated successfully
2019-11-04 15:25:15,684 [MainThread  ] [INFO ]  Response send to entity with UUID d46f1dec96fb35c8407dc401109249c8
2019-11-04 15:25:15,684 [MainThread  ] [INFO ]  200 POST /ticketFetch/ (127.0.0.1) 3.50ms
2019-11-04 15:27:09,982 [MainThread  ] [INFO ]  A3C_GW_server.py modified; restarting server
2019-11-04 15:27:10,197 [MainThread  ] [INFO ]  A3C GW server starting
2019-11-04 15:27:10,197 [MainThread  ] [INFO ]  Loading database
2019-11-04 15:27:10,198 [MainThread  ] [INFO ]  Fetching hashed password from database
2019-11-04 15:27:10,376 [MainThread  ] [INFO ]  Correct bootstrap password
2019-11-04 15:27:10,376 [MainThread  ] [INFO ]  Public key loaded successfully
2019-11-04 15:27:10,378 [MainThread  ] [INFO ]  Private key loaded successfully
2019-11-04 15:27:10,378 [MainThread  ] [INFO ]  A3C GW Server UUID: c81306517f41a51b92445538e3406296
2019-11-04 15:27:10,379 [MainThread  ] [INFO ]  Successfully loaded GWs info from local database
2019-11-04 15:27:10,383 [MainThread  ] [INFO ]  Starting web server
2019-11-04 15:27:12,921 [MainThread  ] [INFO ]  A3C GW server starting
2019-11-04 15:27:12,921 [MainThread  ] [INFO ]  Loading database
2019-11-04 15:27:12,922 [MainThread  ] [INFO ]  Fetching hashed password from database
2019-11-04 15:27:13,101 [MainThread  ] [INFO ]  Correct bootstrap password
2019-11-04 15:27:13,101 [MainThread  ] [INFO ]  Public key loaded successfully
2019-11-04 15:27:13,103 [MainThread  ] [INFO ]  Private key loaded successfully
2019-11-04 15:27:13,103 [MainThread  ] [INFO ]  A3C GW Server UUID: c81306517f41a51b92445538e3406296
2019-11-04 15:27:13,104 [MainThread  ] [INFO ]  Successfully loaded GWs info from local database
2019-11-04 15:27:13,106 [MainThread  ] [INFO ]  Starting web server
2019-11-04 15:27:15,809 [MainThread  ] [INFO ]  Ticket request received
2019-11-04 15:27:15,809 [MainThread  ] [INFO ]  Entity is eligible to access target GW: 50433dbaa1de8cf4c381302970dd7f7f
2019-11-04 15:27:15,813 [MainThread  ] [INFO ]  Ticket generated successfully
2019-11-04 15:27:15,814 [MainThread  ] [INFO ]  Response send to entity with UUID d46f1dec96fb35c8407dc401109249c8
2019-11-04 15:27:15,816 [MainThread  ] [INFO ]  200 POST /ticketFetch/ (127.0.0.1) 7.32ms
2019-11-04 15:28:47,110 [MainThread  ] [INFO ]  A3C_GW_server.py modified; restarting server
2019-11-04 15:28:47,311 [MainThread  ] [INFO ]  A3C GW server starting
2019-11-04 15:28:47,311 [MainThread  ] [INFO ]  Loading database
2019-11-04 15:28:47,312 [MainThread  ] [INFO ]  Fetching hashed password from database
2019-11-04 15:28:47,474 [MainThread  ] [INFO ]  Correct bootstrap password
2019-11-04 15:28:47,474 [MainThread  ] [INFO ]  Public key loaded successfully
2019-11-04 15:28:47,476 [MainThread  ] [INFO ]  Private key loaded successfully
2019-11-04 15:28:47,476 [MainThread  ] [INFO ]  A3C GW Server UUID: c81306517f41a51b92445538e3406296
2019-11-04 15:28:47,477 [MainThread  ] [INFO ]  Successfully loaded GWs info from local database
2019-11-04 15:28:47,479 [MainThread  ] [INFO ]  Starting web server
2019-11-04 15:28:49,983 [MainThread  ] [INFO ]  A3C GW server starting
2019-11-04 15:28:49,983 [MainThread  ] [INFO ]  Loading database
2019-11-04 15:28:49,984 [MainThread  ] [INFO ]  Fetching hashed password from database
2019-11-04 15:28:50,128 [MainThread  ] [INFO ]  Correct bootstrap password
2019-11-04 15:28:50,128 [MainThread  ] [INFO ]  Public key loaded successfully
2019-11-04 15:28:50,130 [MainThread  ] [INFO ]  Private key loaded successfully
2019-11-04 15:28:50,130 [MainThread  ] [INFO ]  A3C GW Server UUID: c81306517f41a51b92445538e3406296
2019-11-04 15:28:50,131 [MainThread  ] [INFO ]  Successfully loaded GWs info from local database
2019-11-04 15:28:50,133 [MainThread  ] [INFO ]  Starting web server
2019-11-04 15:28:53,441 [MainThread  ] [INFO ]  Ticket request received
2019-11-04 15:28:53,441 [MainThread  ] [INFO ]  Entity is eligible to access target GW: 50433dbaa1de8cf4c381302970dd7f7f
2019-11-04 15:28:53,443 [MainThread  ] [INFO ]  Ticket generated successfully
2019-11-04 15:28:53,443 [MainThread  ] [INFO ]  Response send to entity with UUID d46f1dec96fb35c8407dc401109249c8
2019-11-04 15:28:53,444 [MainThread  ] [INFO ]  200 POST /ticketFetch/ (127.0.0.1) 3.78ms
2019-11-04 15:33:55,019 [MainThread  ] [INFO ]  Ticket request received
2019-11-04 15:33:55,020 [MainThread  ] [INFO ]  Entity is eligible to access target GW: 50433dbaa1de8cf4c381302970dd7f7f
2019-11-04 15:33:55,022 [MainThread  ] [INFO ]  Ticket generated successfully
2019-11-04 15:33:55,022 [MainThread  ] [INFO ]  Response send to entity with UUID d46f1dec96fb35c8407dc401109249c8
2019-11-04 15:33:55,022 [MainThread  ] [INFO ]  200 POST /ticketFetch/ (127.0.0.1) 3.00ms
2019-11-04 15:34:08,543 [MainThread  ] [INFO ]  Ticket request received
2019-11-04 15:34:08,543 [MainThread  ] [INFO ]  Entity is eligible to access target GW: 50433dbaa1de8cf4c381302970dd7f7f
2019-11-04 15:34:08,546 [MainThread  ] [INFO ]  Ticket generated successfully
2019-11-04 15:34:08,546 [MainThread  ] [INFO ]  Response send to entity with UUID d46f1dec96fb35c8407dc401109249c8
2019-11-04 15:34:08,546 [MainThread  ] [INFO ]  200 POST /ticketFetch/ (127.0.0.1) 3.65ms
2019-11-04 15:34:30,075 [MainThread  ] [INFO ]  Ticket request received
2019-11-04 15:34:30,076 [MainThread  ] [INFO ]  Entity is eligible to access target GW: 50433dbaa1de8cf4c381302970dd7f7f
2019-11-04 15:34:30,077 [MainThread  ] [INFO ]  Ticket generated successfully
2019-11-04 15:34:30,078 [MainThread  ] [INFO ]  Response send to entity with UUID d46f1dec96fb35c8407dc401109249c8
2019-11-04 15:34:30,078 [MainThread  ] [INFO ]  200 POST /ticketFetch/ (127.0.0.1) 2.93ms
2019-11-04 15:34:36,030 [MainThread  ] [INFO ]  Ticket request received
2019-11-04 15:34:36,031 [MainThread  ] [INFO ]  Entity is eligible to access target GW: 50433dbaa1de8cf4c381302970dd7f7f
2019-11-04 15:34:36,033 [MainThread  ] [INFO ]  Ticket generated successfully
2019-11-04 15:34:36,033 [MainThread  ] [INFO ]  Response send to entity with UUID d46f1dec96fb35c8407dc401109249c8
2019-11-04 15:34:36,033 [MainThread  ] [INFO ]  200 POST /ticketFetch/ (127.0.0.1) 3.28ms
2019-11-04 15:35:07,529 [MainThread  ] [INFO ]  Ticket request received
2019-11-04 15:35:07,529 [MainThread  ] [INFO ]  Entity is eligible to access target GW: 50433dbaa1de8cf4c381302970dd7f7f
2019-11-04 15:35:07,530 [MainThread  ] [INFO ]  Ticket generated successfully
2019-11-04 15:35:07,531 [MainThread  ] [INFO ]  Response send to entity with UUID d46f1dec96fb35c8407dc401109249c8
2019-11-04 15:35:07,531 [MainThread  ] [INFO ]  200 POST /ticketFetch/ (127.0.0.1) 2.59ms
2019-11-04 15:36:03,018 [MainThread  ] [INFO ]  Ticket request received
2019-11-04 15:36:03,018 [MainThread  ] [INFO ]  Entity is eligible to access target GW: 50433dbaa1de8cf4c381302970dd7f7f
2019-11-04 15:36:03,020 [MainThread  ] [INFO ]  Ticket generated successfully
2019-11-04 15:36:03,020 [MainThread  ] [INFO ]  Response send to entity with UUID d46f1dec96fb35c8407dc401109249c8
2019-11-04 15:36:03,020 [MainThread  ] [INFO ]  200 POST /ticketFetch/ (127.0.0.1) 2.57ms
2019-11-04 15:36:11,485 [MainThread  ] [INFO ]  Ticket request received
2019-11-04 15:36:11,485 [MainThread  ] [INFO ]  Entity is eligible to access target GW: 50433dbaa1de8cf4c381302970dd7f7f
2019-11-04 15:36:11,487 [MainThread  ] [INFO ]  Ticket generated successfully
2019-11-04 15:36:11,487 [MainThread  ] [INFO ]  Response send to entity with UUID d46f1dec96fb35c8407dc401109249c8
2019-11-04 15:36:11,488 [MainThread  ] [INFO ]  200 POST /ticketFetch/ (127.0.0.1) 3.03ms
2019-11-04 15:36:34,463 [MainThread  ] [INFO ]  Ticket request received
2019-11-04 15:36:34,463 [MainThread  ] [INFO ]  Entity is eligible to access target GW: 50433dbaa1de8cf4c381302970dd7f7f
2019-11-04 15:36:34,464 [MainThread  ] [INFO ]  Ticket generated successfully
2019-11-04 15:36:34,465 [MainThread  ] [INFO ]  Response send to entity with UUID d46f1dec96fb35c8407dc401109249c8
2019-11-04 15:36:34,465 [MainThread  ] [INFO ]  200 POST /ticketFetch/ (127.0.0.1) 2.91ms
2019-11-04 15:39:44,634 [MainThread  ] [INFO ]  A3C_GW_server.py modified; restarting server
2019-11-04 15:39:44,832 [MainThread  ] [INFO ]  A3C GW server starting
2019-11-04 15:39:44,832 [MainThread  ] [INFO ]  Loading database
2019-11-04 15:39:44,833 [MainThread  ] [INFO ]  Fetching hashed password from database
2019-11-04 15:39:44,989 [MainThread  ] [INFO ]  Correct bootstrap password
2019-11-04 15:39:44,990 [MainThread  ] [INFO ]  Public key loaded successfully
2019-11-04 15:39:44,991 [MainThread  ] [INFO ]  Private key loaded successfully
2019-11-04 15:39:44,991 [MainThread  ] [INFO ]  A3C GW Server UUID: c81306517f41a51b92445538e3406296
2019-11-04 15:39:44,992 [MainThread  ] [INFO ]  Successfully loaded GWs info from local database
2019-11-04 15:39:44,994 [MainThread  ] [INFO ]  Starting web server
2019-11-04 15:39:50,496 [MainThread  ] [INFO ]  A3C_GW_server.py modified; restarting server
2019-11-04 15:39:50,671 [MainThread  ] [INFO ]  A3C GW server starting
2019-11-04 15:39:50,671 [MainThread  ] [INFO ]  Loading database
2019-11-04 15:39:50,672 [MainThread  ] [INFO ]  Fetching hashed password from database
2019-11-04 15:39:50,824 [MainThread  ] [INFO ]  Correct bootstrap password
2019-11-04 15:39:50,825 [MainThread  ] [INFO ]  Public key loaded successfully
2019-11-04 15:39:50,826 [MainThread  ] [INFO ]  Private key loaded successfully
2019-11-04 15:39:50,826 [MainThread  ] [INFO ]  A3C GW Server UUID: c81306517f41a51b92445538e3406296
2019-11-04 15:39:50,827 [MainThread  ] [INFO ]  Successfully loaded GWs info from local database
2019-11-04 15:39:50,829 [MainThread  ] [INFO ]  Starting web server
2019-11-04 15:40:20,330 [MainThread  ] [INFO ]  A3C_GW_server.py modified; restarting server
2019-11-04 15:40:20,509 [MainThread  ] [INFO ]  A3C GW server starting
2019-11-04 15:40:20,509 [MainThread  ] [INFO ]  Loading database
2019-11-04 15:40:20,509 [MainThread  ] [INFO ]  Fetching hashed password from database
2019-11-04 15:40:20,656 [MainThread  ] [INFO ]  Correct bootstrap password
2019-11-04 15:40:20,656 [MainThread  ] [INFO ]  Public key loaded successfully
2019-11-04 15:40:20,658 [MainThread  ] [INFO ]  Private key loaded successfully
2019-11-04 15:40:20,658 [MainThread  ] [INFO ]  A3C GW Server UUID: c81306517f41a51b92445538e3406296
2019-11-04 15:40:20,659 [MainThread  ] [INFO ]  Successfully loaded GWs info from local database
2019-11-04 15:40:20,661 [MainThread  ] [INFO ]  Starting web server
2019-11-04 15:41:34,530 [MainThread  ] [INFO ]  A3C GW server starting
2019-11-04 15:41:34,530 [MainThread  ] [INFO ]  Loading database
2019-11-04 15:41:34,531 [MainThread  ] [INFO ]  Fetching hashed password from database
2019-11-04 15:41:34,678 [MainThread  ] [INFO ]  Correct bootstrap password
2019-11-04 15:41:34,679 [MainThread  ] [INFO ]  Public key loaded successfully
2019-11-04 15:41:34,680 [MainThread  ] [INFO ]  Private key loaded successfully
2019-11-04 15:41:34,680 [MainThread  ] [INFO ]  A3C GW Server UUID: c81306517f41a51b92445538e3406296
2019-11-04 15:41:34,681 [MainThread  ] [INFO ]  Successfully loaded GWs info from local database
2019-11-04 15:41:34,683 [MainThread  ] [INFO ]  Starting web server
2019-11-04 15:41:43,196 [MainThread  ] [INFO ]  Ticket request received
2019-11-04 15:41:43,197 [MainThread  ] [INFO ]  Entity is eligible to access target GW: 50433dbaa1de8cf4c381302970dd7f7f
2019-11-04 15:41:43,199 [MainThread  ] [INFO ]  Ticket generated successfully
2019-11-04 15:41:43,199 [MainThread  ] [INFO ]  Response send to entity with UUID d46f1dec96fb35c8407dc401109249c8
2019-11-04 15:41:43,199 [MainThread  ] [INFO ]  200 POST /ticketFetch/ (127.0.0.1) 3.23ms
2019-11-04 15:58:00,365 [MainThread  ] [INFO ]  A3C GW server starting
2019-11-04 15:58:00,365 [MainThread  ] [INFO ]  Loading database
2019-11-04 15:58:00,366 [MainThread  ] [INFO ]  Fetching hashed password from database
2019-11-04 15:58:00,509 [MainThread  ] [INFO ]  Correct bootstrap password
2019-11-04 15:58:00,509 [MainThread  ] [INFO ]  Public key loaded successfully
2019-11-04 15:58:00,511 [MainThread  ] [INFO ]  Private key loaded successfully
2019-11-04 15:58:00,511 [MainThread  ] [INFO ]  A3C GW Server UUID: c81306517f41a51b92445538e3406296
2019-11-04 15:58:00,511 [MainThread  ] [INFO ]  Successfully loaded GWs info from local database
2019-11-04 15:58:00,514 [MainThread  ] [INFO ]  Starting web server
2019-11-04 15:58:08,427 [MainThread  ] [INFO ]  Ticket request received
2019-11-04 15:58:08,428 [MainThread  ] [INFO ]  Entity is eligible to access target GW: 50433dbaa1de8cf4c381302970dd7f7f
2019-11-04 15:58:08,430 [MainThread  ] [INFO ]  Ticket generated successfully
2019-11-04 15:58:08,430 [MainThread  ] [INFO ]  Response send to entity with UUID d46f1dec96fb35c8407dc401109249c8
2019-11-04 15:58:08,430 [MainThread  ] [INFO ]  200 POST /ticketFetch/ (127.0.0.1) 3.30ms
2019-11-04 15:58:20,805 [MainThread  ] [INFO ]  Ticket request received
2019-11-04 15:58:20,805 [MainThread  ] [INFO ]  Entity is eligible to access target GW: 50433dbaa1de8cf4c381302970dd7f7f
2019-11-04 15:58:20,806 [MainThread  ] [INFO ]  Ticket generated successfully
2019-11-04 15:58:20,806 [MainThread  ] [INFO ]  Response send to entity with UUID d46f1dec96fb35c8407dc401109249c8
2019-11-04 15:58:20,807 [MainThread  ] [INFO ]  200 POST /ticketFetch/ (127.0.0.1) 2.27ms
2019-11-04 15:58:29,398 [MainThread  ] [INFO ]  A3C GW server starting
2019-11-04 15:58:29,398 [MainThread  ] [INFO ]  Loading database
2019-11-04 15:58:29,399 [MainThread  ] [INFO ]  Fetching hashed password from database
2019-11-04 15:58:29,543 [MainThread  ] [INFO ]  Correct bootstrap password
2019-11-04 15:58:29,544 [MainThread  ] [INFO ]  Public key loaded successfully
2019-11-04 15:58:29,545 [MainThread  ] [INFO ]  Private key loaded successfully
2019-11-04 15:58:29,545 [MainThread  ] [INFO ]  A3C GW Server UUID: c81306517f41a51b92445538e3406296
2019-11-04 15:58:29,546 [MainThread  ] [INFO ]  Successfully loaded GWs info from local database
2019-11-04 15:58:29,548 [MainThread  ] [INFO ]  Starting web server
2019-11-04 15:58:33,091 [MainThread  ] [INFO ]  Ticket request received
2019-11-04 15:58:33,091 [MainThread  ] [INFO ]  Entity is eligible to access target GW: 50433dbaa1de8cf4c381302970dd7f7f
2019-11-04 15:58:33,093 [MainThread  ] [INFO ]  Ticket generated successfully
2019-11-04 15:58:33,093 [MainThread  ] [INFO ]  Response send to entity with UUID d46f1dec96fb35c8407dc401109249c8
2019-11-04 15:58:33,094 [MainThread  ] [INFO ]  200 POST /ticketFetch/ (127.0.0.1) 3.42ms
2019-11-04 15:58:36,756 [MainThread  ] [INFO ]  A3C GW server starting
2019-11-04 15:58:36,757 [MainThread  ] [INFO ]  Loading database
2019-11-04 15:58:36,758 [MainThread  ] [INFO ]  Fetching hashed password from database
2019-11-04 15:58:36,926 [MainThread  ] [INFO ]  Correct bootstrap password
2019-11-04 15:58:36,927 [MainThread  ] [INFO ]  Public key loaded successfully
2019-11-04 15:58:36,928 [MainThread  ] [INFO ]  Private key loaded successfully
2019-11-04 15:58:36,928 [MainThread  ] [INFO ]  A3C GW Server UUID: c81306517f41a51b92445538e3406296
2019-11-04 15:58:36,929 [MainThread  ] [INFO ]  Successfully loaded GWs info from local database
2019-11-04 15:58:36,931 [MainThread  ] [INFO ]  Starting web server
2019-11-04 15:58:42,304 [MainThread  ] [INFO ]  Ticket request received
2019-11-04 15:58:42,304 [MainThread  ] [INFO ]  Entity is eligible to access target GW: 50433dbaa1de8cf4c381302970dd7f7f
2019-11-04 15:58:42,306 [MainThread  ] [INFO ]  Ticket generated successfully
2019-11-04 15:58:42,307 [MainThread  ] [INFO ]  Response send to entity with UUID d46f1dec96fb35c8407dc401109249c8
2019-11-04 15:58:42,307 [MainThread  ] [INFO ]  200 POST /ticketFetch/ (127.0.0.1) 3.26ms
2019-11-04 17:21:32,068 [MainThread  ] [INFO ]  A3C GW server starting
2019-11-04 17:21:32,068 [MainThread  ] [INFO ]  Loading database
2019-11-04 17:21:32,069 [MainThread  ] [INFO ]  Fetching hashed password from database
2019-11-04 17:21:32,235 [MainThread  ] [INFO ]  Correct bootstrap password
2019-11-04 17:21:32,235 [MainThread  ] [INFO ]  Public key loaded successfully
2019-11-04 17:21:32,237 [MainThread  ] [INFO ]  Private key loaded successfully
2019-11-04 17:21:32,238 [MainThread  ] [INFO ]  A3C GW Server UUID: c81306517f41a51b92445538e3406296
2019-11-04 17:21:32,239 [MainThread  ] [INFO ]  Successfully loaded GWs info from local database
2019-11-04 17:21:32,242 [MainThread  ] [INFO ]  Starting web server
2019-11-04 17:21:37,358 [MainThread  ] [INFO ]  Ticket request received
2019-11-04 17:21:37,358 [MainThread  ] [INFO ]  Entity is eligible to access target GW: 50433dbaa1de8cf4c381302970dd7f7f
2019-11-04 17:21:37,360 [MainThread  ] [INFO ]  Ticket generated successfully
2019-11-04 17:21:37,361 [MainThread  ] [INFO ]  Response send to entity with UUID d46f1dec96fb35c8407dc401109249c8
2019-11-04 17:21:37,361 [MainThread  ] [INFO ]  200 POST /ticketFetch/ (127.0.0.1) 4.13ms
2019-11-04 17:24:37,643 [MainThread  ] [INFO ]  A3C GW server starting
2019-11-04 17:24:37,644 [MainThread  ] [INFO ]  Loading database
2019-11-04 17:24:37,645 [MainThread  ] [INFO ]  Fetching hashed password from database
2019-11-04 17:24:37,810 [MainThread  ] [INFO ]  Correct bootstrap password
2019-11-04 17:24:37,810 [MainThread  ] [INFO ]  Public key loaded successfully
2019-11-04 17:24:37,812 [MainThread  ] [INFO ]  Private key loaded successfully
2019-11-04 17:24:37,812 [MainThread  ] [INFO ]  A3C GW Server UUID: c81306517f41a51b92445538e3406296
2019-11-04 17:24:37,813 [MainThread  ] [INFO ]  Successfully loaded GWs info from local database
2019-11-04 17:24:37,815 [MainThread  ] [INFO ]  Starting web server
2019-11-04 17:24:40,622 [MainThread  ] [INFO ]  Ticket request received
2019-11-04 17:24:40,622 [MainThread  ] [INFO ]  Entity is eligible to access target GW: 50433dbaa1de8cf4c381302970dd7f7f
2019-11-04 17:24:40,624 [MainThread  ] [INFO ]  Ticket generated successfully
2019-11-04 17:24:40,625 [MainThread  ] [INFO ]  Response send to entity with UUID d46f1dec96fb35c8407dc401109249c8
2019-11-04 17:24:40,625 [MainThread  ] [INFO ]  200 POST /ticketFetch/ (127.0.0.1) 3.79ms
2019-11-04 17:24:59,044 [MainThread  ] [INFO ]  Ticket request received
2019-11-04 17:24:59,044 [MainThread  ] [INFO ]  Entity is eligible to access target GW: 50433dbaa1de8cf4c381302970dd7f7f
2019-11-04 17:24:59,046 [MainThread  ] [INFO ]  Ticket generated successfully
2019-11-04 17:24:59,046 [MainThread  ] [INFO ]  Response send to entity with UUID d46f1dec96fb35c8407dc401109249c8
2019-11-04 17:24:59,046 [MainThread  ] [INFO ]  200 POST /ticketFetch/ (127.0.0.1) 2.72ms
2019-11-04 17:25:07,511 [MainThread  ] [INFO ]  A3C GW server starting
2019-11-04 17:25:07,511 [MainThread  ] [INFO ]  Loading database
2019-11-04 17:25:07,512 [MainThread  ] [INFO ]  Fetching hashed password from database
2019-11-04 17:25:07,711 [MainThread  ] [INFO ]  Correct bootstrap password
2019-11-04 17:25:07,711 [MainThread  ] [INFO ]  Public key loaded successfully
2019-11-04 17:25:07,713 [MainThread  ] [INFO ]  Private key loaded successfully
2019-11-04 17:25:07,714 [MainThread  ] [INFO ]  A3C GW Server UUID: c81306517f41a51b92445538e3406296
2019-11-04 17:25:07,715 [MainThread  ] [INFO ]  Successfully loaded GWs info from local database
2019-11-04 17:25:07,718 [MainThread  ] [INFO ]  Starting web server
2019-11-04 17:25:19,217 [MainThread  ] [INFO ]  Ticket request received
2019-11-04 17:25:19,217 [MainThread  ] [INFO ]  Entity is eligible to access target GW: 50433dbaa1de8cf4c381302970dd7f7f
2019-11-04 17:25:19,219 [MainThread  ] [INFO ]  Ticket generated successfully
2019-11-04 17:25:19,220 [MainThread  ] [INFO ]  Response send to entity with UUID d46f1dec96fb35c8407dc401109249c8
2019-11-04 17:25:19,220 [MainThread  ] [INFO ]  200 POST /ticketFetch/ (127.0.0.1) 4.03ms
2019-11-04 17:54:17,627 [MainThread  ] [INFO ]  A3C GW server starting
2019-11-04 17:54:17,627 [MainThread  ] [INFO ]  Loading database
2019-11-04 17:54:17,629 [MainThread  ] [INFO ]  Fetching hashed password from database
2019-11-04 17:54:17,828 [MainThread  ] [INFO ]  Correct bootstrap password
2019-11-04 17:54:17,828 [MainThread  ] [INFO ]  Public key loaded successfully
2019-11-04 17:54:17,830 [MainThread  ] [INFO ]  Private key loaded successfully
2019-11-04 17:54:17,830 [MainThread  ] [INFO ]  A3C GW Server UUID: c81306517f41a51b92445538e3406296
2019-11-04 17:54:17,831 [MainThread  ] [INFO ]  Successfully loaded GWs info from local database
2019-11-04 17:54:17,834 [MainThread  ] [INFO ]  Starting web server
2019-11-04 17:55:23,982 [MainThread  ] [INFO ]  Ticket request received
2019-11-04 17:55:23,982 [MainThread  ] [INFO ]  Entity is eligible to access target GW: 50433dbaa1de8cf4c381302970dd7f7f
2019-11-04 17:55:23,985 [MainThread  ] [INFO ]  Ticket generated successfully
2019-11-04 17:55:23,985 [MainThread  ] [INFO ]  Response send to entity with UUID d46f1dec96fb35c8407dc401109249c8
2019-11-04 17:55:23,986 [MainThread  ] [INFO ]  200 POST /ticketFetch/ (127.0.0.1) 4.37ms
2019-11-04 19:35:17,111 [MainThread  ] [INFO ]  A3C GW server starting
2019-11-04 19:35:17,111 [MainThread  ] [INFO ]  Loading database
2019-11-04 19:35:17,112 [MainThread  ] [INFO ]  Fetching hashed password from database
2019-11-04 19:35:17,257 [MainThread  ] [INFO ]  Correct bootstrap password
2019-11-04 19:35:17,257 [MainThread  ] [INFO ]  Public key loaded successfully
2019-11-04 19:35:17,259 [MainThread  ] [INFO ]  Private key loaded successfully
2019-11-04 19:35:17,259 [MainThread  ] [INFO ]  A3C GW Server UUID: c81306517f41a51b92445538e3406296
2019-11-04 19:35:17,260 [MainThread  ] [INFO ]  Successfully loaded GWs info from local database
2019-11-04 19:35:17,262 [MainThread  ] [INFO ]  Starting web server
2019-11-04 19:35:49,337 [MainThread  ] [INFO ]  Ticket request received
2019-11-04 19:35:49,337 [MainThread  ] [INFO ]  Entity is eligible to access target GW: 50433dbaa1de8cf4c381302970dd7f7f
2019-11-04 19:35:49,339 [MainThread  ] [INFO ]  Ticket generated successfully
2019-11-04 19:35:49,340 [MainThread  ] [INFO ]  Response send to entity with UUID d46f1dec96fb35c8407dc401109249c8
2019-11-04 19:35:49,340 [MainThread  ] [INFO ]  200 POST /ticketFetch/ (127.0.0.1) 3.52ms
2019-11-04 20:28:09,487 [MainThread  ] [INFO ]  A3C GW server starting
2019-11-04 20:28:09,487 [MainThread  ] [INFO ]  Loading database
2019-11-04 20:28:09,488 [MainThread  ] [INFO ]  Fetching hashed password from database
2019-11-04 20:28:09,633 [MainThread  ] [INFO ]  Correct bootstrap password
2019-11-04 20:28:09,634 [MainThread  ] [INFO ]  Public key loaded successfully
2019-11-04 20:28:09,635 [MainThread  ] [INFO ]  Private key loaded successfully
2019-11-04 20:28:09,635 [MainThread  ] [INFO ]  A3C GW Server UUID: c81306517f41a51b92445538e3406296
2019-11-04 20:28:09,636 [MainThread  ] [INFO ]  Successfully loaded GWs info from local database
2019-11-04 20:28:09,638 [MainThread  ] [INFO ]  Starting web server
2019-11-04 20:28:14,386 [MainThread  ] [INFO ]  Ticket request received
2019-11-04 20:28:14,386 [MainThread  ] [INFO ]  Entity is eligible to access target GW: 50433dbaa1de8cf4c381302970dd7f7f
2019-11-04 20:28:14,389 [MainThread  ] [INFO ]  Ticket generated successfully
2019-11-04 20:28:14,389 [MainThread  ] [INFO ]  Response send to entity with UUID d46f1dec96fb35c8407dc401109249c8
2019-11-04 20:28:14,389 [MainThread  ] [INFO ]  200 POST /ticketFetch/ (127.0.0.1) 3.35ms
2019-11-04 20:28:35,541 [MainThread  ] [INFO ]  A3C GW server starting
2019-11-04 20:28:35,541 [MainThread  ] [INFO ]  Loading database
2019-11-04 20:28:35,542 [MainThread  ] [INFO ]  Fetching hashed password from database
2019-11-04 20:28:35,686 [MainThread  ] [INFO ]  Correct bootstrap password
2019-11-04 20:28:35,686 [MainThread  ] [INFO ]  Public key loaded successfully
2019-11-04 20:28:35,687 [MainThread  ] [INFO ]  Private key loaded successfully
2019-11-04 20:28:35,687 [MainThread  ] [INFO ]  A3C GW Server UUID: c81306517f41a51b92445538e3406296
2019-11-04 20:28:35,688 [MainThread  ] [INFO ]  Successfully loaded GWs info from local database
2019-11-04 20:28:35,690 [MainThread  ] [INFO ]  Starting web server
2019-11-04 20:28:41,861 [MainThread  ] [INFO ]  Ticket request received
2019-11-04 20:28:41,861 [MainThread  ] [INFO ]  Entity is eligible to access target GW: 50433dbaa1de8cf4c381302970dd7f7f
2019-11-04 20:28:41,863 [MainThread  ] [INFO ]  Ticket generated successfully
2019-11-04 20:28:41,863 [MainThread  ] [INFO ]  Response send to entity with UUID d46f1dec96fb35c8407dc401109249c8
2019-11-04 20:28:41,863 [MainThread  ] [INFO ]  200 POST /ticketFetch/ (127.0.0.1) 3.42ms
2019-11-04 21:01:12,034 [MainThread  ] [INFO ]  A3C GW server starting
2019-11-04 21:01:12,034 [MainThread  ] [INFO ]  Loading database
2019-11-04 21:01:12,036 [MainThread  ] [INFO ]  Fetching hashed password from database
2019-11-04 21:01:12,286 [MainThread  ] [INFO ]  Correct bootstrap password
2019-11-04 21:01:12,286 [MainThread  ] [INFO ]  Public key loaded successfully
2019-11-04 21:01:12,288 [MainThread  ] [INFO ]  Private key loaded successfully
2019-11-04 21:01:12,288 [MainThread  ] [INFO ]  A3C GW Server UUID: c81306517f41a51b92445538e3406296
2019-11-04 21:01:12,289 [MainThread  ] [INFO ]  Successfully loaded GWs info from local database
2019-11-04 21:01:12,293 [MainThread  ] [INFO ]  Starting web server
2019-11-04 21:01:17,666 [MainThread  ] [INFO ]  Ticket request received
2019-11-04 21:01:17,666 [MainThread  ] [INFO ]  Entity is eligible to access target GW: 50433dbaa1de8cf4c381302970dd7f7f
2019-11-04 21:01:17,669 [MainThread  ] [INFO ]  Ticket generated successfully
2019-11-04 21:01:17,669 [MainThread  ] [INFO ]  Response send to entity with UUID d46f1dec96fb35c8407dc401109249c8
2019-11-04 21:01:17,670 [MainThread  ] [INFO ]  200 POST /ticketFetch/ (127.0.0.1) 4.94ms
